<?xml version="1.0" encoding="UTF-8"?>
<!-- Generated by org.testng.reporters.JUnitXMLReporter -->
<testsuite ignored="0" hostname="VENKATESH" failures="0" tests="1" name="Test" time="0.072" errors="0" timestamp="2021-09-15T14:40:50 IST">
  <testcase classname="TestCases.FinalPage" name="@BeforeTest openbrowser" time="0.009">
    <failure type="java.lang.NullPointerException" message="Cannot invoke &amp;quot;org.openqa.selenium.WebDriver.manage()&amp;quot; because &amp;quot;TestCases.FinalPage.driver&amp;quot; is null">
      <![CDATA[java.lang.NullPointerException: Cannot invoke "org.openqa.selenium.WebDriver.manage()" because "TestCases.FinalPage.driver" is null
at TestCases.FinalPage.openbrowser(FinalPage.java:40)
... Removed 24 stack frames]]>
    </failure>
  </testcase> <!-- @BeforeTest openbrowser -->
  <testcase classname="TestCases.FinalPage" name="@AfterTest TestCloser" time="-1.631697050905E9">
    <skipped/>
  </testcase> <!-- @AfterTest TestCloser -->
  <testcase classname="TestCases.FinalPage" name="myfinalpage" time="0.0">
    <skipped/>
  </testcase> <!-- myfinalpage -->
</testsuite> <!-- Test -->
